SmartCampusApp/app/build/intermediates/manifest_merge_blame_file/debug/processDebugMainManifest/manifest-merger-blame-debug-report.txt
1<?xml version="1.0" encoding="utf-8"?>
2<manifest xmlns:android="http://schemas.android.com/apk/res/android"
3    package="com.smartcampus.app"
4    android:versionCode="1"
5    android:versionName="1.0" >
6
7    <uses-sdk
8        android:minSdkVersion="24"
9        android:targetSdkVersion="34" />
10
11    <uses-permission android:name="android.permission.INTERNET" />
11-->src\main\AndroidManifest.xml:5:5-67
11-->src\main\AndroidManifest.xml:5:22-64
12    <uses-permission android:name="android.permission.ACCESS_NETWORK_STATE" />
12-->src\main\AndroidManifest.xml:6:5-79
12-->src\main\AndroidManifest.xml:6:22-76
13    <uses-permission
13-->src\main\AndroidManifest.xml:7:5-8:38
14        android:name="android.permission.WRITE_EXTERNAL_STORAGE"
14-->src\main\AndroidManifest.xml:7:22-78
15        android:maxSdkVersion="28" />
15-->src\main\AndroidManifest.xml:8:9-35
16    <uses-permission
16-->src\main\AndroidManifest.xml:9:5-10:38
17        android:name="android.permission.READ_EXTERNAL_STORAGE"
17-->src\main\AndroidManifest.xml:9:22-77
18        android:maxSdkVersion="32" />
18-->src\main\AndroidManifest.xml:10:9-35
19
20    <permission
20-->[androidx.core:core:1.12.0] AndroidManifest.xml:22:5-24:47
21        android:name="com.smartcampus.app.DYNAMIC_RECEIVER_NOT_EXPORTED_PERMISSION"
21-->[androidx.core:core:1.12.0] AndroidManifest.xml:23:9-81
22        android:protectionLevel="signature" />
22-->[androidx.core:core:1.12.0] AndroidManifest.xml:24:9-44
23
24    <uses-permission android:name="com.smartcampus.app.DYNAMIC_RECEIVER_NOT_EXPORTED_PERMISSION" />
24-->[androidx.core:core:1.12.0] AndroidManifest.xml:26:5-97
24-->[androidx.core:core:1.12.0] AndroidManifest.xml:26:22-94
25
26    <application
26-->src\main\AndroidManifest.xml:12:5-73:19
27        android:name="com.smartcampus.app.SmartCampusApplication"
27-->src\main\AndroidManifest.xml:13:9-47
28        android:allowBackup="true"
28-->src\main\AndroidManifest.xml:14:9-35
29        android:appComponentFactory="androidx.core.app.CoreComponentFactory"
29-->[androidx.core:core:1.12.0] AndroidManifest.xml:28:18-86
30        android:debuggable="true"
31        android:extractNativeLibs="false"
32        android:icon="@mipmap/ic_launcher"
32-->src\main\AndroidManifest.xml:15:9-43
33        android:label="@string/app_name"
33-->src\main\AndroidManifest.xml:16:9-41
34        android:roundIcon="@mipmap/ic_launcher_round"
34-->src\main\AndroidManifest.xml:17:9-54
35        android:supportsRtl="true"
35-->src\main\AndroidManifest.xml:18:9-35
36        android:testOnly="true"
37        android:theme="@style/Theme.SmartCampus"
37-->src\main\AndroidManifest.xml:19:9-49
38        android:usesCleartextTraffic="true" >
38-->src\main\AndroidManifest.xml:20:9-44
39
40        <!-- Auth Activities -->
41        <activity
41-->src\main\AndroidManifest.xml:24:9-32:20
42            android:name="com.smartcampus.app.ui.splash.SplashActivity"
42-->src\main\AndroidManifest.xml:25:13-53
43            android:exported="true"
43-->src\main\AndroidManifest.xml:26:13-36
44            android:theme="@style/Theme.SmartCampus.Splash" >
44-->src\main\AndroidManifest.xml:27:13-60
45            <intent-filter>
45-->src\main\AndroidManifest.xml:28:13-31:29
46                <action android:name="android.intent.action.MAIN" />
46-->src\main\AndroidManifest.xml:29:17-69
46-->src\main\AndroidManifest.xml:29:25-66
47
48                <category android:name="android.intent.category.LAUNCHER" />
48-->src\main\AndroidManifest.xml:30:17-77
48-->src\main\AndroidManifest.xml:30:27-74
49            </intent-filter>
50        </activity>
51        <activity android:name="com.smartcampus.app.ui.auth.LoginActivity" />
51-->src\main\AndroidManifest.xml:34:9-59
51-->src\main\AndroidManifest.xml:34:19-56
52        <activity android:name="com.smartcampus.app.ui.auth.RegisterActivity" />
52-->src\main\AndroidManifest.xml:35:9-62
52-->src\main\AndroidManifest.xml:35:19-59
53
54        <!-- Main Dashboard -->
55        <activity android:name="com.smartcampus.app.ui.student.StudentDashboardActivity" />
55-->src\main\AndroidManifest.xml:38:9-73
55-->src\main\AndroidManifest.xml:38:19-70
56        <activity android:name="com.smartcampus.app.ui.student.ProfileActivity" />
56-->src\main\AndroidManifest.xml:39:9-64
56-->src\main\AndroidManifest.xml:39:19-61
57        <activity android:name="com.smartcampus.app.ui.student.EditProfileActivity" />
57-->src\main\AndroidManifest.xml:40:9-68
57-->src\main\AndroidManifest.xml:40:19-65
58
59        <!-- Skills -->
60        <activity android:name="com.smartcampus.app.ui.student.SkillRecommendationActivity" />
60-->src\main\AndroidManifest.xml:43:9-76
60-->src\main\AndroidManifest.xml:43:19-73
61        <activity android:name="com.smartcampus.app.ui.student.SkillMapActivity" />
61-->src\main\AndroidManifest.xml:44:9-65
61-->src\main\AndroidManifest.xml:44:19-62
62        <activity android:name="com.smartcampus.app.ui.student.SkillRoadmapActivity" />
62-->src\main\AndroidManifest.xml:45:9-69
62-->src\main\AndroidManifest.xml:45:19-66
63
64        <!-- Jobs -->
65        <activity android:name="com.smartcampus.app.ui.jobs.JobListActivity" />
65-->src\main\AndroidManifest.xml:48:9-61
65-->src\main\AndroidManifest.xml:48:19-58
66        <activity android:name="com.smartcampus.app.ui.jobs.JobDetailActivity" />
66-->src\main\AndroidManifest.xml:49:9-63
66-->src\main\AndroidManifest.xml:49:19-60
67        <activity android:name="com.smartcampus.app.ui.jobs.ApplicationTrackerActivity" />
67-->src\main\AndroidManifest.xml:50:9-72
67-->src\main\AndroidManifest.xml:50:19-69
68        <activity android:name="com.smartcampus.app.ui.jobs.ExternalJobsActivity" />
68-->src\main\AndroidManifest.xml:51:9-66
68-->src\main\AndroidManifest.xml:51:19-63
69
70        <!-- Resume -->
71        <activity android:name="com.smartcampus.app.ui.resume.ResumeBuilderActivity" />
71-->src\main\AndroidManifest.xml:55:9-69
71-->src\main\AndroidManifest.xml:55:19-66
72        <activity android:name="com.smartcampus.app.ui.resume.AtsScoreActivity" />
72-->src\main\AndroidManifest.xml:56:9-64
72-->src\main\AndroidManifest.xml:56:19-61
73
74        <!-- Career -->
75        <activity android:name="com.smartcampus.app.ui.student.CareerRoadmapActivity" />
75-->src\main\AndroidManifest.xml:59:9-70
75-->src\main\AndroidManifest.xml:59:19-67
76
77        <!-- Officer -->
78        <activity android:name="com.smartcampus.app.ui.officer.OfficerDashboardActivity" />
78-->src\main\AndroidManifest.xml:62:9-73
78-->src\main\AndroidManifest.xml:62:19-70
79
80        <!-- Recruiter -->
81        <activity android:name="com.smartcampus.app.ui.recruiter.RecruiterDashboardActivity" />
81-->src\main\AndroidManifest.xml:65:9-77
81-->src\main\AndroidManifest.xml:65:19-74
82
83        <!-- Admin -->
84        <activity android:name="com.smartcampus.app.ui.admin.AdminDashboardActivity" />
84-->src\main\AndroidManifest.xml:68:9-69
84-->src\main\AndroidManifest.xml:68:19-66
85
86        <!-- Notifications -->
87        <activity android:name="com.smartcampus.app.ui.notifications.NotificationCenterActivity" />
87-->src\main\AndroidManifest.xml:71:9-81
87-->src\main\AndroidManifest.xml:71:19-78
88
89        <provider
89-->[androidx.emoji2:emoji2:1.2.0] AndroidManifest.xml:24:9-32:20
90            android:name="androidx.startup.InitializationProvider"
90-->[androidx.emoji2:emoji2:1.2.0] AndroidManifest.xml:25:13-67
91            android:authorities="com.smartcampus.app.androidx-startup"
91-->[androidx.emoji2:emoji2:1.2.0] AndroidManifest.xml:26:13-68
92            android:exported="false" >
92-->[androidx.emoji2:emoji2:1.2.0] AndroidManifest.xml:27:13-37
93            <meta-data
93-->[androidx.emoji2:emoji2:1.2.0] AndroidManifest.xml:29:13-31:52
94                android:name="androidx.emoji2.text.EmojiCompatInitializer"
94-->[androidx.emoji2:emoji2:1.2.0] AndroidManifest.xml:30:17-75
95                android:value="androidx.startup" />
95-->[androidx.emoji2:emoji2:1.2.0] AndroidManifest.xml:31:17-49
96            <meta-data
96-->[androidx.lifecycle:lifecycle-process:2.7.0] AndroidManifest.xml:29:13-31:52
97                android:name="androidx.lifecycle.ProcessLifecycleInitializer"
97-->[androidx.lifecycle:lifecycle-process:2.7.0] AndroidManifest.xml:30:17-78
98                android:value="androidx.startup" />
98-->[androidx.lifecycle:lifecycle-process:2.7.0] AndroidManifest.xml:31:17-49
99            <meta-data
99-->[androidx.profileinstaller:profileinstaller:1.3.0] AndroidManifest.xml:29:13-31:52
100                android:name="androidx.profileinstaller.ProfileInstallerInitializer"
100-->[androidx.profileinstaller:profileinstaller:1.3.0] AndroidManifest.xml:30:17-85
101                android:value="androidx.startup" />
101-->[androidx.profileinstaller:profileinstaller:1.3.0] AndroidManifest.xml:31:17-49
102        </provider>
103
104        <uses-library
104-->[androidx.window:window:1.0.0] AndroidManifest.xml:25:9-27:40
105            android:name="androidx.window.extensions"
105-->[androidx.window:window:1.0.0] AndroidManifest.xml:26:13-54
106            android:required="false" />
106-->[androidx.window:window:1.0.0] AndroidManifest.xml:27:13-37
107        <uses-library
107-->[androidx.window:window:1.0.0] AndroidManifest.xml:28:9-30:40
108            android:name="androidx.window.sidecar"
108-->[androidx.window:window:1.0.0] AndroidManifest.xml:29:13-51
109            android:required="false" />
109-->[androidx.window:window:1.0.0] AndroidManifest.xml:30:13-37
110
111        <service
111-->[androidx.room:room-runtime:2.6.1] AndroidManifest.xml:24:9-28:63
112            android:name="androidx.room.MultiInstanceInvalidationService"
112-->[androidx.room:room-runtime:2.6.1] AndroidManifest.xml:25:13-74
113            android:directBootAware="true"
113-->[androidx.room:room-runtime:2.6.1] AndroidManifest.xml:26:13-43
114            android:exported="false" />
114-->[androidx.room:room-runtime:2.6.1] AndroidManifest.xml:27:13-37
115
116        <receiver
116-->[androidx.profileinstaller:profileinstaller:1.3.0] AndroidManifest.xml:34:9-52:20
117            android:name="androidx.profileinstaller.ProfileInstallReceiver"
117-->[androidx.profileinstaller:profileinstaller:1.3.0] AndroidManifest.xml:35:13-76
118            android:directBootAware="false"
118-->[androidx.profileinstaller:profileinstaller:1.3.0] AndroidManifest.xml:36:13-44
119            android:enabled="true"
119-->[androidx.profileinstaller:profileinstaller:1.3.0] AndroidManifest.xml:37:13-35
120            android:exported="true"
120-->[androidx.profileinstaller:profileinstaller:1.3.0] AndroidManifest.xml:38:13-36
121            android:permission="android.permission.DUMP" >
121-->[androidx.profileinstaller:profileinstaller:1.3.0] AndroidManifest.xml:39:13-57
122            <intent-filter>
122-->[androidx.profileinstaller:profileinstaller:1.3.0] AndroidManifest.xml:40:13-42:29
123                <action android:name="androidx.profileinstaller.action.INSTALL_PROFILE" />
123-->[androidx.profileinstaller:profileinstaller:1.3.0] AndroidManifest.xml:41:17-91
123-->[androidx.profileinstaller:profileinstaller:1.3.0] AndroidManifest.xml:41:25-88
124            </intent-filter>
125            <intent-filter>
125-->[androidx.profileinstaller:profileinstaller:1.3.0] AndroidManifest.xml:43:13-45:29
126                <action android:name="androidx.profileinstaller.action.SKIP_FILE" />
126-->[androidx.profileinstaller:profileinstaller:1.3.0] AndroidManifest.xml:44:17-85
126-->[androidx.profileinstaller:profileinstaller:1.3.0] AndroidManifest.xml:44:25-82
127            </intent-filter>
128            <intent-filter>
128-->[androidx.profileinstaller:profileinstaller:1.3.0] AndroidManifest.xml:46:13-48:29
129                <action android:name="androidx.profileinstaller.action.SAVE_PROFILE" />
129-->[androidx.profileinstaller:profileinstaller:1.3.0] AndroidManifest.xml:47:17-88
129-->[androidx.profileinstaller:profileinstaller:1.3.0] AndroidManifest.xml:47:25-85
130            </intent-filter>
131            <intent-filter>
131-->[androidx.profileinstaller:profileinstaller:1.3.0] AndroidManifest.xml:49:13-51:29
132                <action android:name="androidx.profileinstaller.action.BENCHMARK_OPERATION" />
132-->[androidx.profileinstaller:profileinstaller:1.3.0] AndroidManifest.xml:50:17-95
132-->[androidx.profileinstaller:profileinstaller:1.3.0] AndroidManifest.xml:50:25-92
133            </intent-filter>
134        </receiver>
135    </application>
136
137</manifest>